CRITICAL - 2022-02-02 15:10:41 --> Call to a member function getFlashdata() on null
#0 E:\xampp\htdocs\CI4_crud\system\View\View.php(210): include()
#1 E:\xampp\htdocs\CI4_crud\system\View\View.php(213): CodeIgniter\View\View->CodeIgniter\View\{closure}()
#2 E:\xampp\htdocs\CI4_crud\system\Common.php(1089): CodeIgniter\View\View->render('users/list', Array, true)
#3 E:\xampp\htdocs\CI4_crud\app\Controllers\User.php(8): view('users/list')
#4 E:\xampp\htdocs\CI4_crud\system\CodeIgniter.php(825): App\Controllers\User->index()
#5 E:\xampp\htdocs\CI4_crud\system\CodeIgniter.php(412): CodeIgniter\CodeIgniter->runController(Object(App\Controllers\User))
#6 E:\xampp\htdocs\CI4_crud\system\CodeIgniter.php(320): CodeIgniter\CodeIgniter->handleRequest(NULL, Object(Config\Cache), false)
#7 E:\xampp\htdocs\CI4_crud\public\index.php(37): CodeIgniter\CodeIgniter->run()
#8 E:\xampp\htdocs\CI4_crud\system\Commands\Server\rewrite.php(43): require_once('E:\\xampp\\htdocs...')
#9 {main}
CRITICAL - 2022-02-02 15:10:42 --> Call to a member function getFlashdata() on null
#0 E:\xampp\htdocs\CI4_crud\system\View\View.php(210): include()
#1 E:\xampp\htdocs\CI4_crud\system\View\View.php(213): CodeIgniter\View\View->CodeIgniter\View\{closure}()
#2 E:\xampp\htdocs\CI4_crud\system\Common.php(1089): CodeIgniter\View\View->render('users/list', Array, true)
#3 E:\xampp\htdocs\CI4_crud\app\Controllers\User.php(8): view('users/list')
#4 E:\xampp\htdocs\CI4_crud\system\CodeIgniter.php(825): App\Controllers\User->index()
#5 E:\xampp\htdocs\CI4_crud\system\CodeIgniter.php(412): CodeIgniter\CodeIgniter->runController(Object(App\Controllers\User))
#6 E:\xampp\htdocs\CI4_crud\system\CodeIgniter.php(320): CodeIgniter\CodeIgniter->handleRequest(NULL, Object(Config\Cache), false)
#7 E:\xampp\htdocs\CI4_crud\public\index.php(37): CodeIgniter\CodeIgniter->run()
#8 E:\xampp\htdocs\CI4_crud\system\Commands\Server\rewrite.php(43): require_once('E:\\xampp\\htdocs...')
#9 {main}
CRITICAL - 2022-02-02 15:10:54 --> Call to a member function getFlashdata() on null
#0 E:\xampp\htdocs\CI4_crud\system\View\View.php(210): include()
#1 E:\xampp\htdocs\CI4_crud\system\View\View.php(213): CodeIgniter\View\View->CodeIgniter\View\{closure}()
#2 E:\xampp\htdocs\CI4_crud\system\Common.php(1089): CodeIgniter\View\View->render('users/list', Array, true)
#3 E:\xampp\htdocs\CI4_crud\app\Controllers\User.php(8): view('users/list')
#4 E:\xampp\htdocs\CI4_crud\system\CodeIgniter.php(825): App\Controllers\User->index()
#5 E:\xampp\htdocs\CI4_crud\system\CodeIgniter.php(412): CodeIgniter\CodeIgniter->runController(Object(App\Controllers\User))
#6 E:\xampp\htdocs\CI4_crud\system\CodeIgniter.php(320): CodeIgniter\CodeIgniter->handleRequest(NULL, Object(Config\Cache), false)
#7 E:\xampp\htdocs\CI4_crud\public\index.php(37): CodeIgniter\CodeIgniter->run()
#8 E:\xampp\htdocs\CI4_crud\system\Commands\Server\rewrite.php(43): require_once('E:\\xampp\\htdocs...')
#9 {main}
CRITICAL - 2022-02-02 15:14:34 --> Call to a member function getFlashdata() on null
#0 E:\xampp\htdocs\CI4_crud\system\View\View.php(210): include()
#1 E:\xampp\htdocs\CI4_crud\system\View\View.php(213): CodeIgniter\View\View->CodeIgniter\View\{closure}()
#2 E:\xampp\htdocs\CI4_crud\system\Common.php(1089): CodeIgniter\View\View->render('users/list', Array, true)
#3 E:\xampp\htdocs\CI4_crud\app\Controllers\User.php(8): view('users/list')
#4 E:\xampp\htdocs\CI4_crud\system\CodeIgniter.php(825): App\Controllers\User->index()
#5 E:\xampp\htdocs\CI4_crud\system\CodeIgniter.php(412): CodeIgniter\CodeIgniter->runController(Object(App\Controllers\User))
#6 E:\xampp\htdocs\CI4_crud\system\CodeIgniter.php(320): CodeIgniter\CodeIgniter->handleRequest(NULL, Object(Config\Cache), false)
#7 E:\xampp\htdocs\CI4_crud\public\index.php(37): CodeIgniter\CodeIgniter->run()
#8 E:\xampp\htdocs\CI4_crud\system\Commands\Server\rewrite.php(43): require_once('E:\\xampp\\htdocs...')
#9 {main}
